# Logfile created on 2010-04-13 22:28:27 -0800

Processing RunnerController#index (for 127.0.0.1 at 2010-04-13 22:29:00) [GET]
Rendering template within layouts/application
Rendering runner/index
Completed in 2177ms (View: 210 | 200 OK [http://localhost/]


Processing RunnerController#runsuite (for 127.0.0.1 at 2010-04-13 22:29:07) [GET]
  Parameters: {"suite"=>"C:/Users/Daniel/Downloads/Programming/runner/script/../db/test_files/suites/google_suite.rb"}
Rendering template within layouts/application
Rendering runner/runsuite
Completed in 237ms (View: 13 | 200 OK [http://localhost/runner/runsuite?suite=C:/Users/Daniel/Downloads/Programming/runner/script/../db/test_files/suites/google_suite.rb]


Processing RunnerController#viewconsole (for 127.0.0.1 at 2010-04-13 22:29:09) [POST]
  Parameters: {"authenticity_token"=>"s4XOI43d6tywOY69kYO538EOx04RKTruSjdpPyAnsRQ=", "_"=>""}
Rendering runner/viewconsole
Completed in 11ms (View: 9 | 200 OK [http://localhost/runner/viewconsole]


Processing RunnerController#viewconsole (for 127.0.0.1 at 2010-04-13 22:29:11) [POST]
  Parameters: {"authenticity_token"=>"s4XOI43d6tywOY69kYO538EOx04RKTruSjdpPyAnsRQ=", "_"=>""}
Rendering runner/viewconsole
Completed in 2ms (View: 0 | 200 OK [http://localhost/runner/viewconsole]


Processing RunnerController#viewconsole (for 127.0.0.1 at 2010-04-13 22:29:13) [POST]
  Parameters: {"authenticity_token"=>"s4XOI43d6tywOY69kYO538EOx04RKTruSjdpPyAnsRQ=", "_"=>""}
Rendering runner/viewconsole
Completed in 3ms (View: 1 | 200 OK [http://localhost/runner/viewconsole]


Processing RunnerController#viewconsole (for 127.0.0.1 at 2010-04-13 22:29:15) [POST]
  Parameters: {"authenticity_token"=>"s4XOI43d6tywOY69kYO538EOx04RKTruSjdpPyAnsRQ=", "_"=>""}
Rendering runner/viewconsole
Completed in 2ms (View: 1 | 200 OK [http://localhost/runner/viewconsole]


Processing RunnerController#viewconsole (for 127.0.0.1 at 2010-04-13 22:29:17) [POST]
  Parameters: {"authenticity_token"=>"s4XOI43d6tywOY69kYO538EOx04RKTruSjdpPyAnsRQ=", "_"=>""}
Rendering runner/viewconsole
Completed in 3ms (View: 1 | 200 OK [http://localhost/runner/viewconsole]


Processing RunnerController#viewconsole (for 127.0.0.1 at 2010-04-13 22:29:19) [POST]
  Parameters: {"authenticity_token"=>"s4XOI43d6tywOY69kYO538EOx04RKTruSjdpPyAnsRQ=", "_"=>""}
Rendering runner/viewconsole
Completed in 3ms (View: 1 | 200 OK [http://localhost/runner/viewconsole]


Processing RunnerController#viewconsole (for 127.0.0.1 at 2010-04-13 22:29:21) [POST]
  Parameters: {"authenticity_token"=>"s4XOI43d6tywOY69kYO538EOx04RKTruSjdpPyAnsRQ=", "_"=>""}
Rendering runner/viewconsole
Completed in 2ms (View: 1 | 200 OK [http://localhost/runner/viewconsole]


Processing RunnerController#index (for 127.0.0.1 at 2010-04-13 22:29:21) [GET]
Rendering template within layouts/application
Rendering runner/index
Completed in 5ms (View: 3 | 200 OK [http://localhost/runner]


Processing RunnerController#runsuite (for 127.0.0.1 at 2010-04-13 22:29:28) [GET]
  Parameters: {"suite"=>"C:/Users/Daniel/Downloads/Programming/runner/script/../db/test_files/suites/google_suite.rb"}
Rendering template within layouts/application
Rendering runner/runsuite
Completed in 147ms (View: 4 | 200 OK [http://localhost/runner/runsuite?suite=C:/Users/Daniel/Downloads/Programming/runner/script/../db/test_files/suites/google_suite.rb]


Processing RunnerController#viewconsole (for 127.0.0.1 at 2010-04-13 22:29:30) [POST]
  Parameters: {"authenticity_token"=>"s4XOI43d6tywOY69kYO538EOx04RKTruSjdpPyAnsRQ=", "_"=>""}
Rendering runner/viewconsole
Completed in 2ms (View: 1 | 200 OK [http://localhost/runner/viewconsole]


Processing RunnerController#runsuite (for 127.0.0.1 at 2010-04-13 22:32:46) [GET]
  Parameters: {"suite"=>"C:/Users/Daniel/Downloads/Programming/runner/script/../db/test_files/suites/google_suite.rb"}
Rendering template within layouts/application
Rendering runner/runsuite
Completed in 162ms (View: 3 | 200 OK [http://localhost/runner/runsuite?suite=C:/Users/Daniel/Downloads/Programming/runner/script/../db/test_files/suites/google_suite.rb]


Processing RunnerController#viewconsole (for 127.0.0.1 at 2010-04-13 22:32:49) [POST]
  Parameters: {"authenticity_token"=>"s4XOI43d6tywOY69kYO538EOx04RKTruSjdpPyAnsRQ=", "_"=>""}
Rendering runner/viewconsole
Completed in 2ms (View: 1 | 200 OK [http://localhost/runner/viewconsole]


Processing RunnerController#viewconsole (for 127.0.0.1 at 2010-04-13 22:32:50) [POST]
  Parameters: {"authenticity_token"=>"s4XOI43d6tywOY69kYO538EOx04RKTruSjdpPyAnsRQ=", "_"=>""}
Rendering runner/viewconsole
Completed in 2ms (View: 1 | 200 OK [http://localhost/runner/viewconsole]


Processing RunnerController#viewconsole (for 127.0.0.1 at 2010-04-13 22:32:52) [POST]
  Parameters: {"authenticity_token"=>"s4XOI43d6tywOY69kYO538EOx04RKTruSjdpPyAnsRQ=", "_"=>""}
Rendering runner/viewconsole
Completed in 3ms (View: 1 | 200 OK [http://localhost/runner/viewconsole]


Processing RunnerController#viewconsole (for 127.0.0.1 at 2010-04-13 22:32:54) [POST]
  Parameters: {"authenticity_token"=>"s4XOI43d6tywOY69kYO538EOx04RKTruSjdpPyAnsRQ=", "_"=>""}
Rendering runner/viewconsole
Completed in 2ms (View: 0 | 200 OK [http://localhost/runner/viewconsole]


Processing RunnerController#viewconsole (for 127.0.0.1 at 2010-04-13 22:32:56) [POST]
  Parameters: {"authenticity_token"=>"s4XOI43d6tywOY69kYO538EOx04RKTruSjdpPyAnsRQ=", "_"=>""}
Rendering runner/viewconsole
Completed in 3ms (View: 1 | 200 OK [http://localhost/runner/viewconsole]


Processing RunnerController#viewconsole (for 127.0.0.1 at 2010-04-13 22:32:58) [POST]
  Parameters: {"authenticity_token"=>"s4XOI43d6tywOY69kYO538EOx04RKTruSjdpPyAnsRQ=", "_"=>""}
Rendering runner/viewconsole
Completed in 3ms (View: 1 | 200 OK [http://localhost/runner/viewconsole]


Processing RunnerController#viewconsole (for 127.0.0.1 at 2010-04-13 22:33:00) [POST]
  Parameters: {"authenticity_token"=>"s4XOI43d6tywOY69kYO538EOx04RKTruSjdpPyAnsRQ=", "_"=>""}
Rendering runner/viewconsole
Completed in 2ms (View: 1 | 200 OK [http://localhost/runner/viewconsole]


Processing RunnerController#viewconsole (for 127.0.0.1 at 2010-04-13 22:33:02) [POST]
  Parameters: {"authenticity_token"=>"s4XOI43d6tywOY69kYO538EOx04RKTruSjdpPyAnsRQ=", "_"=>""}
Rendering runner/viewconsole
Completed in 2ms (View: 1 | 200 OK [http://localhost/runner/viewconsole]


Processing RunnerController#viewconsole (for 127.0.0.1 at 2010-04-13 22:33:04) [POST]
  Parameters: {"authenticity_token"=>"s4XOI43d6tywOY69kYO538EOx04RKTruSjdpPyAnsRQ=", "_"=>""}
Rendering runner/viewconsole
Completed in 3ms (View: 1 | 200 OK [http://localhost/runner/viewconsole]


Processing RunnerController#viewconsole (for 127.0.0.1 at 2010-04-13 22:33:06) [POST]
  Parameters: {"authenticity_token"=>"s4XOI43d6tywOY69kYO538EOx04RKTruSjdpPyAnsRQ=", "_"=>""}
Rendering runner/viewconsole
Completed in 2ms (View: 1 | 200 OK [http://localhost/runner/viewconsole]


Processing RunnerController#viewconsole (for 127.0.0.1 at 2010-04-13 22:33:08) [POST]
  Parameters: {"authenticity_token"=>"s4XOI43d6tywOY69kYO538EOx04RKTruSjdpPyAnsRQ=", "_"=>""}
Rendering runner/viewconsole
Completed in 3ms (View: 1 | 200 OK [http://localhost/runner/viewconsole]


Processing RunnerController#viewconsole (for 127.0.0.1 at 2010-04-13 22:33:10) [POST]
  Parameters: {"authenticity_token"=>"s4XOI43d6tywOY69kYO538EOx04RKTruSjdpPyAnsRQ=", "_"=>""}
Rendering runner/viewconsole
Completed in 2ms (View: 1 | 200 OK [http://localhost/runner/viewconsole]


Processing RunnerController#viewconsole (for 127.0.0.1 at 2010-04-13 22:33:12) [POST]
  Parameters: {"authenticity_token"=>"s4XOI43d6tywOY69kYO538EOx04RKTruSjdpPyAnsRQ=", "_"=>""}
Rendering runner/viewconsole
Completed in 2ms (View: 1 | 200 OK [http://localhost/runner/viewconsole]


Processing RunnerController#viewconsole (for 127.0.0.1 at 2010-04-13 22:33:14) [POST]
  Parameters: {"authenticity_token"=>"s4XOI43d6tywOY69kYO538EOx04RKTruSjdpPyAnsRQ=", "_"=>""}
Rendering runner/viewconsole
Completed in 3ms (View: 1 | 200 OK [http://localhost/runner/viewconsole]


Processing RunnerController#viewconsole (for 127.0.0.1 at 2010-04-13 22:33:16) [POST]
  Parameters: {"authenticity_token"=>"s4XOI43d6tywOY69kYO538EOx04RKTruSjdpPyAnsRQ=", "_"=>""}
Rendering runner/viewconsole
Completed in 3ms (View: 1 | 200 OK [http://localhost/runner/viewconsole]


Processing RunnerController#viewconsole (for 127.0.0.1 at 2010-04-13 22:33:18) [POST]
  Parameters: {"authenticity_token"=>"s4XOI43d6tywOY69kYO538EOx04RKTruSjdpPyAnsRQ=", "_"=>""}
Rendering runner/viewconsole
Completed in 3ms (View: 1 | 200 OK [http://localhost/runner/viewconsole]


Processing RunnerController#viewconsole (for 127.0.0.1 at 2010-04-13 22:33:20) [POST]
  Parameters: {"authenticity_token"=>"s4XOI43d6tywOY69kYO538EOx04RKTruSjdpPyAnsRQ=", "_"=>""}
Rendering runner/viewconsole
Completed in 3ms (View: 1 | 200 OK [http://localhost/runner/viewconsole]


Processing RunnerController#viewconsole (for 127.0.0.1 at 2010-04-13 22:33:22) [POST]
  Parameters: {"authenticity_token"=>"s4XOI43d6tywOY69kYO538EOx04RKTruSjdpPyAnsRQ=", "_"=>""}
Rendering runner/viewconsole
Completed in 3ms (View: 1 | 200 OK [http://localhost/runner/viewconsole]


Processing RunnerController#viewconsole (for 127.0.0.1 at 2010-04-13 22:33:24) [POST]
  Parameters: {"authenticity_token"=>"s4XOI43d6tywOY69kYO538EOx04RKTruSjdpPyAnsRQ=", "_"=>""}
Rendering runner/viewconsole
Completed in 3ms (View: 1 | 200 OK [http://localhost/runner/viewconsole]


Processing RunnerController#viewconsole (for 127.0.0.1 at 2010-04-13 22:33:26) [POST]
  Parameters: {"authenticity_token"=>"s4XOI43d6tywOY69kYO538EOx04RKTruSjdpPyAnsRQ=", "_"=>""}
Rendering runner/viewconsole
Completed in 4ms (View: 1 | 200 OK [http://localhost/runner/viewconsole]


Processing RunnerController#viewconsole (for 127.0.0.1 at 2010-04-13 22:33:28) [POST]
  Parameters: {"authenticity_token"=>"s4XOI43d6tywOY69kYO538EOx04RKTruSjdpPyAnsRQ=", "_"=>""}
Rendering runner/viewconsole
Completed in 2ms (View: 1 | 200 OK [http://localhost/runner/viewconsole]


Processing RunnerController#viewconsole (for 127.0.0.1 at 2010-04-13 22:33:30) [POST]
  Parameters: {"authenticity_token"=>"s4XOI43d6tywOY69kYO538EOx04RKTruSjdpPyAnsRQ=", "_"=>""}
Rendering runner/viewconsole
Completed in 2ms (View: 1 | 200 OK [http://localhost/runner/viewconsole]


Processing RunnerController#viewconsole (for 127.0.0.1 at 2010-04-13 22:33:32) [POST]
  Parameters: {"authenticity_token"=>"s4XOI43d6tywOY69kYO538EOx04RKTruSjdpPyAnsRQ=", "_"=>""}
Rendering runner/viewconsole
Completed in 3ms (View: 1 | 200 OK [http://localhost/runner/viewconsole]


Processing RunnerController#viewconsole (for 127.0.0.1 at 2010-04-13 22:33:34) [POST]
  Parameters: {"authenticity_token"=>"s4XOI43d6tywOY69kYO538EOx04RKTruSjdpPyAnsRQ=", "_"=>""}
Rendering runner/viewconsole
Completed in 2ms (View: 1 | 200 OK [http://localhost/runner/viewconsole]


Processing RunnerController#viewconsole (for 127.0.0.1 at 2010-04-13 22:33:36) [POST]
  Parameters: {"authenticity_token"=>"s4XOI43d6tywOY69kYO538EOx04RKTruSjdpPyAnsRQ=", "_"=>""}
Rendering runner/viewconsole
Completed in 17ms (View: 14 | 200 OK [http://localhost/runner/viewconsole]


Processing RunnerController#viewconsole (for 127.0.0.1 at 2010-04-13 22:33:38) [POST]
  Parameters: {"authenticity_token"=>"s4XOI43d6tywOY69kYO538EOx04RKTruSjdpPyAnsRQ=", "_"=>""}
Rendering runner/viewconsole
Completed in 3ms (View: 1 | 200 OK [http://localhost/runner/viewconsole]


Processing RunnerController#viewconsole (for 127.0.0.1 at 2010-04-13 22:33:40) [POST]
  Parameters: {"authenticity_token"=>"s4XOI43d6tywOY69kYO538EOx04RKTruSjdpPyAnsRQ=", "_"=>""}
Rendering runner/viewconsole
Completed in 3ms (View: 1 | 200 OK [http://localhost/runner/viewconsole]


Processing RunnerController#viewconsole (for 127.0.0.1 at 2010-04-13 22:33:42) [POST]
  Parameters: {"authenticity_token"=>"s4XOI43d6tywOY69kYO538EOx04RKTruSjdpPyAnsRQ=", "_"=>""}
Rendering runner/viewconsole
Completed in 2ms (View: 1 | 200 OK [http://localhost/runner/viewconsole]


Processing RunnerController#viewconsole (for 127.0.0.1 at 2010-04-13 22:33:44) [POST]
  Parameters: {"authenticity_token"=>"s4XOI43d6tywOY69kYO538EOx04RKTruSjdpPyAnsRQ=", "_"=>""}
Rendering runner/viewconsole
Completed in 2ms (View: 1 | 200 OK [http://localhost/runner/viewconsole]


Processing RunnerController#viewconsole (for 127.0.0.1 at 2010-04-13 22:33:46) [POST]
  Parameters: {"authenticity_token"=>"s4XOI43d6tywOY69kYO538EOx04RKTruSjdpPyAnsRQ=", "_"=>""}
Rendering runner/viewconsole
Completed in 2ms (View: 1 | 200 OK [http://localhost/runner/viewconsole]


Processing RunnerController#viewconsole (for 127.0.0.1 at 2010-04-13 22:33:48) [POST]
  Parameters: {"authenticity_token"=>"s4XOI43d6tywOY69kYO538EOx04RKTruSjdpPyAnsRQ=", "_"=>""}
Rendering runner/viewconsole
Completed in 2ms (View: 1 | 200 OK [http://localhost/runner/viewconsole]


Processing RunnerController#viewconsole (for 127.0.0.1 at 2010-04-13 22:33:50) [POST]
  Parameters: {"authenticity_token"=>"s4XOI43d6tywOY69kYO538EOx04RKTruSjdpPyAnsRQ=", "_"=>""}
Rendering runner/viewconsole
Completed in 3ms (View: 1 | 200 OK [http://localhost/runner/viewconsole]


Processing RunnerController#viewconsole (for 127.0.0.1 at 2010-04-13 22:33:52) [POST]
  Parameters: {"authenticity_token"=>"s4XOI43d6tywOY69kYO538EOx04RKTruSjdpPyAnsRQ=", "_"=>""}
Rendering runner/viewconsole
Completed in 2ms (View: 0 | 200 OK [http://localhost/runner/viewconsole]


Processing RunnerController#viewconsole (for 127.0.0.1 at 2010-04-13 22:33:54) [POST]
  Parameters: {"authenticity_token"=>"s4XOI43d6tywOY69kYO538EOx04RKTruSjdpPyAnsRQ=", "_"=>""}
Rendering runner/viewconsole
Completed in 3ms (View: 1 | 200 OK [http://localhost/runner/viewconsole]


Processing RunnerController#viewconsole (for 127.0.0.1 at 2010-04-13 22:33:56) [POST]
  Parameters: {"authenticity_token"=>"s4XOI43d6tywOY69kYO538EOx04RKTruSjdpPyAnsRQ=", "_"=>""}
Rendering runner/viewconsole
Completed in 3ms (View: 1 | 200 OK [http://localhost/runner/viewconsole]


Processing RunnerController#viewconsole (for 127.0.0.1 at 2010-04-13 22:33:58) [POST]
  Parameters: {"authenticity_token"=>"s4XOI43d6tywOY69kYO538EOx04RKTruSjdpPyAnsRQ=", "_"=>""}
Rendering runner/viewconsole
Completed in 2ms (View: 1 | 200 OK [http://localhost/runner/viewconsole]


Processing RunnerController#viewconsole (for 127.0.0.1 at 2010-04-13 22:34:00) [POST]
  Parameters: {"authenticity_token"=>"s4XOI43d6tywOY69kYO538EOx04RKTruSjdpPyAnsRQ=", "_"=>""}
Rendering runner/viewconsole
Completed in 2ms (View: 1 | 200 OK [http://localhost/runner/viewconsole]


Processing RunnerController#viewconsole (for 127.0.0.1 at 2010-04-13 22:34:02) [POST]
  Parameters: {"authenticity_token"=>"s4XOI43d6tywOY69kYO538EOx04RKTruSjdpPyAnsRQ=", "_"=>""}
Rendering runner/viewconsole
Completed in 3ms (View: 1 | 200 OK [http://localhost/runner/viewconsole]


Processing RunnerController#viewconsole (for 127.0.0.1 at 2010-04-13 22:34:04) [POST]
  Parameters: {"authenticity_token"=>"s4XOI43d6tywOY69kYO538EOx04RKTruSjdpPyAnsRQ=", "_"=>""}
Rendering runner/viewconsole
Completed in 2ms (View: 1 | 200 OK [http://localhost/runner/viewconsole]


Processing RunnerController#runsuite (for 127.0.0.1 at 2010-04-13 22:34:05) [GET]
  Parameters: {"suite"=>"C:/Users/Daniel/Downloads/Programming/runner/script/../db/test_files/suites/google_suite.rb"}
Rendering template within layouts/application
Rendering runner/runsuite
Completed in 174ms (View: 3 | 200 OK [http://localhost/runner/runsuite?suite=C:/Users/Daniel/Downloads/Programming/runner/script/../db/test_files/suites/google_suite.rb]


Processing RunnerController#index (for 127.0.0.1 at 2010-04-13 22:34:08) [GET]
Rendering template within layouts/application
Rendering runner/index
Completed in 5ms (View: 3 | 200 OK [http://localhost/runner]


Processing RunnerController#runsuite (for 127.0.0.1 at 2010-04-13 22:34:09) [GET]
  Parameters: {"suite"=>"C:/Users/Daniel/Downloads/Programming/runner/script/../db/test_files/suites/google_suite.rb"}
Rendering template within layouts/application
Rendering runner/runsuite
Completed in 154ms (View: 2 | 200 OK [http://localhost/runner/runsuite?suite=C:/Users/Daniel/Downloads/Programming/runner/script/../db/test_files/suites/google_suite.rb]


Processing RunnerController#viewconsole (for 127.0.0.1 at 2010-04-13 22:34:12) [POST]
  Parameters: {"authenticity_token"=>"s4XOI43d6tywOY69kYO538EOx04RKTruSjdpPyAnsRQ=", "_"=>""}
Rendering runner/viewconsole
Completed in 3ms (View: 1 | 200 OK [http://localhost/runner/viewconsole]


Processing RunnerController#viewconsole (for 127.0.0.1 at 2010-04-13 22:34:13) [POST]
  Parameters: {"authenticity_token"=>"s4XOI43d6tywOY69kYO538EOx04RKTruSjdpPyAnsRQ=", "_"=>""}
Rendering runner/viewconsole
Completed in 18ms (View: 1 | 200 OK [http://localhost/runner/viewconsole]


Processing RunnerController#viewconsole (for 127.0.0.1 at 2010-04-13 22:34:15) [POST]
  Parameters: {"authenticity_token"=>"s4XOI43d6tywOY69kYO538EOx04RKTruSjdpPyAnsRQ=", "_"=>""}
Rendering runner/viewconsole
Completed in 2ms (View: 1 | 200 OK [http://localhost/runner/viewconsole]


Processing RunnerController#viewconsole (for 127.0.0.1 at 2010-04-13 22:34:17) [POST]
  Parameters: {"authenticity_token"=>"s4XOI43d6tywOY69kYO538EOx04RKTruSjdpPyAnsRQ=", "_"=>""}
Rendering runner/viewconsole
Completed in 2ms (View: 1 | 200 OK [http://localhost/runner/viewconsole]


Processing RunnerController#viewconsole (for 127.0.0.1 at 2010-04-13 22:34:19) [POST]
  Parameters: {"authenticity_token"=>"s4XOI43d6tywOY69kYO538EOx04RKTruSjdpPyAnsRQ=", "_"=>""}
Rendering runner/viewconsole
Completed in 3ms (View: 1 | 200 OK [http://localhost/runner/viewconsole]


Processing RunnerController#viewconsole (for 127.0.0.1 at 2010-04-13 22:34:21) [POST]
  Parameters: {"authenticity_token"=>"s4XOI43d6tywOY69kYO538EOx04RKTruSjdpPyAnsRQ=", "_"=>""}
Rendering runner/viewconsole
Completed in 7ms (View: 4 | 200 OK [http://localhost/runner/viewconsole]


Processing RunnerController#viewconsole (for 127.0.0.1 at 2010-04-13 22:34:23) [POST]
  Parameters: {"authenticity_token"=>"s4XOI43d6tywOY69kYO538EOx04RKTruSjdpPyAnsRQ=", "_"=>""}
Rendering runner/viewconsole
Completed in 3ms (View: 1 | 200 OK [http://localhost/runner/viewconsole]


Processing RunnerController#runsuite (for 127.0.0.1 at 2010-04-13 22:34:24) [GET]
  Parameters: {"suite"=>"C:/Users/Daniel/Downloads/Programming/runner/script/../db/test_files/suites/google_suite.rb"}
Rendering template within layouts/application
Rendering runner/runsuite
Completed in 261ms (View: 3 | 200 OK [http://localhost/runner/runsuite?suite=C:/Users/Daniel/Downloads/Programming/runner/script/../db/test_files/suites/google_suite.rb]


Processing RunnerController#index (for 127.0.0.1 at 2010-04-13 22:34:28) [GET]
Rendering template within layouts/application
Rendering runner/index
Completed in 4ms (View: 2 | 200 OK [http://localhost/runner]


Processing RunnerController#runsuite (for 127.0.0.1 at 2010-04-13 22:34:29) [GET]
  Parameters: {"suite"=>"C:/Users/Daniel/Downloads/Programming/runner/script/../db/test_files/suites/google_suite.rb"}
Rendering template within layouts/application
Rendering runner/runsuite
Completed in 147ms (View: 2 | 200 OK [http://localhost/runner/runsuite?suite=C:/Users/Daniel/Downloads/Programming/runner/script/../db/test_files/suites/google_suite.rb]


Processing RunnerController#viewconsole (for 127.0.0.1 at 2010-04-13 22:34:32) [POST]
  Parameters: {"authenticity_token"=>"s4XOI43d6tywOY69kYO538EOx04RKTruSjdpPyAnsRQ=", "_"=>""}
Rendering runner/viewconsole
Completed in 2ms (View: 1 | 200 OK [http://localhost/runner/viewconsole]


Processing RunnerController#viewconsole (for 127.0.0.1 at 2010-04-13 22:34:33) [POST]
  Parameters: {"authenticity_token"=>"s4XOI43d6tywOY69kYO538EOx04RKTruSjdpPyAnsRQ=", "_"=>""}
Rendering runner/viewconsole
Completed in 4ms (View: 1 | 200 OK [http://localhost/runner/viewconsole]


Processing RunnerController#viewconsole (for 127.0.0.1 at 2010-04-13 22:34:35) [POST]
  Parameters: {"authenticity_token"=>"s4XOI43d6tywOY69kYO538EOx04RKTruSjdpPyAnsRQ=", "_"=>""}
Rendering runner/viewconsole
Completed in 3ms (View: 2 | 200 OK [http://localhost/runner/viewconsole]


Processing RunnerController#viewconsole (for 127.0.0.1 at 2010-04-13 22:34:37) [POST]
  Parameters: {"authenticity_token"=>"s4XOI43d6tywOY69kYO538EOx04RKTruSjdpPyAnsRQ=", "_"=>""}
Rendering runner/viewconsole
Completed in 2ms (View: 1 | 200 OK [http://localhost/runner/viewconsole]


Processing RunnerController#viewconsole (for 127.0.0.1 at 2010-04-13 22:34:39) [POST]
  Parameters: {"authenticity_token"=>"s4XOI43d6tywOY69kYO538EOx04RKTruSjdpPyAnsRQ=", "_"=>""}
Rendering runner/viewconsole
Completed in 2ms (View: 1 | 200 OK [http://localhost/runner/viewconsole]


Processing RunnerController#viewconsole (for 127.0.0.1 at 2010-04-13 22:34:41) [POST]
  Parameters: {"authenticity_token"=>"s4XOI43d6tywOY69kYO538EOx04RKTruSjdpPyAnsRQ=", "_"=>""}
Rendering runner/viewconsole
Completed in 2ms (View: 0 | 200 OK [http://localhost/runner/viewconsole]


Processing RunnerController#viewconsole (for 127.0.0.1 at 2010-04-13 22:34:43) [POST]
  Parameters: {"authenticity_token"=>"s4XOI43d6tywOY69kYO538EOx04RKTruSjdpPyAnsRQ=", "_"=>""}
Rendering runner/viewconsole
Completed in 3ms (View: 1 | 200 OK [http://localhost/runner/viewconsole]


Processing RunnerController#viewconsole (for 127.0.0.1 at 2010-04-13 22:34:45) [POST]
  Parameters: {"authenticity_token"=>"s4XOI43d6tywOY69kYO538EOx04RKTruSjdpPyAnsRQ=", "_"=>""}
Rendering runner/viewconsole
Completed in 3ms (View: 0 | 200 OK [http://localhost/runner/viewconsole]


Processing RunnerController#viewconsole (for 127.0.0.1 at 2010-04-13 22:34:47) [POST]
  Parameters: {"authenticity_token"=>"s4XOI43d6tywOY69kYO538EOx04RKTruSjdpPyAnsRQ=", "_"=>""}
Rendering runner/viewconsole
Completed in 2ms (View: 1 | 200 OK [http://localhost/runner/viewconsole]


Processing RunnerController#viewconsole (for 127.0.0.1 at 2010-04-13 22:34:49) [POST]
  Parameters: {"authenticity_token"=>"s4XOI43d6tywOY69kYO538EOx04RKTruSjdpPyAnsRQ=", "_"=>""}
Rendering runner/viewconsole
Completed in 2ms (View: 1 | 200 OK [http://localhost/runner/viewconsole]


Processing RunnerController#viewconsole (for 127.0.0.1 at 2010-04-13 22:34:51) [POST]
  Parameters: {"authenticity_token"=>"s4XOI43d6tywOY69kYO538EOx04RKTruSjdpPyAnsRQ=", "_"=>""}
Rendering runner/viewconsole
Completed in 2ms (View: 0 | 200 OK [http://localhost/runner/viewconsole]


Processing RunnerController#viewconsole (for 127.0.0.1 at 2010-04-13 22:34:53) [POST]
  Parameters: {"authenticity_token"=>"s4XOI43d6tywOY69kYO538EOx04RKTruSjdpPyAnsRQ=", "_"=>""}
Rendering runner/viewconsole
Completed in 2ms (View: 1 | 200 OK [http://localhost/runner/viewconsole]


Processing RunnerController#viewconsole (for 127.0.0.1 at 2010-04-13 22:34:55) [POST]
  Parameters: {"authenticity_token"=>"s4XOI43d6tywOY69kYO538EOx04RKTruSjdpPyAnsRQ=", "_"=>""}
Rendering runner/viewconsole
Completed in 3ms (View: 1 | 200 OK [http://localhost/runner/viewconsole]


Processing RunnerController#viewconsole (for 127.0.0.1 at 2010-04-13 22:34:57) [POST]
  Parameters: {"authenticity_token"=>"s4XOI43d6tywOY69kYO538EOx04RKTruSjdpPyAnsRQ=", "_"=>""}
Rendering runner/viewconsole
Completed in 4ms (View: 2 | 200 OK [http://localhost/runner/viewconsole]


Processing RunnerController#viewconsole (for 127.0.0.1 at 2010-04-13 22:34:59) [POST]
  Parameters: {"authenticity_token"=>"s4XOI43d6tywOY69kYO538EOx04RKTruSjdpPyAnsRQ=", "_"=>""}
Rendering runner/viewconsole
Completed in 6ms (View: 1 | 200 OK [http://localhost/runner/viewconsole]


Processing RunnerController#viewconsole (for 127.0.0.1 at 2010-04-13 22:35:01) [POST]
  Parameters: {"authenticity_token"=>"s4XOI43d6tywOY69kYO538EOx04RKTruSjdpPyAnsRQ=", "_"=>""}
Rendering runner/viewconsole
Completed in 2ms (View: 0 | 200 OK [http://localhost/runner/viewconsole]


Processing RunnerController#viewconsole (for 127.0.0.1 at 2010-04-13 22:35:03) [POST]
  Parameters: {"authenticity_token"=>"s4XOI43d6tywOY69kYO538EOx04RKTruSjdpPyAnsRQ=", "_"=>""}
Rendering runner/viewconsole
Completed in 2ms (View: 0 | 200 OK [http://localhost/runner/viewconsole]


Processing RunnerController#viewconsole (for 127.0.0.1 at 2010-04-13 22:35:05) [POST]
  Parameters: {"authenticity_token"=>"s4XOI43d6tywOY69kYO538EOx04RKTruSjdpPyAnsRQ=", "_"=>""}
Rendering runner/viewconsole
Completed in 2ms (View: 0 | 200 OK [http://localhost/runner/viewconsole]


Processing RunnerController#viewconsole (for 127.0.0.1 at 2010-04-13 22:35:07) [POST]
  Parameters: {"authenticity_token"=>"s4XOI43d6tywOY69kYO538EOx04RKTruSjdpPyAnsRQ=", "_"=>""}
Rendering runner/viewconsole
Completed in 3ms (View: 1 | 200 OK [http://localhost/runner/viewconsole]


Processing RunnerController#viewconsole (for 127.0.0.1 at 2010-04-13 22:35:09) [POST]
  Parameters: {"authenticity_token"=>"s4XOI43d6tywOY69kYO538EOx04RKTruSjdpPyAnsRQ=", "_"=>""}
Rendering runner/viewconsole
Completed in 2ms (View: 1 | 200 OK [http://localhost/runner/viewconsole]


Processing RunnerController#viewconsole (for 127.0.0.1 at 2010-04-13 22:35:11) [POST]
  Parameters: {"authenticity_token"=>"s4XOI43d6tywOY69kYO538EOx04RKTruSjdpPyAnsRQ=", "_"=>""}
Rendering runner/viewconsole
Completed in 2ms (View: 1 | 200 OK [http://localhost/runner/viewconsole]


Processing RunnerController#viewconsole (for 127.0.0.1 at 2010-04-13 22:35:13) [POST]
  Parameters: {"authenticity_token"=>"s4XOI43d6tywOY69kYO538EOx04RKTruSjdpPyAnsRQ=", "_"=>""}
Rendering runner/viewconsole
Completed in 4ms (View: 1 | 200 OK [http://localhost/runner/viewconsole]


Processing RunnerController#viewconsole (for 127.0.0.1 at 2010-04-13 22:35:15) [POST]
  Parameters: {"authenticity_token"=>"s4XOI43d6tywOY69kYO538EOx04RKTruSjdpPyAnsRQ=", "_"=>""}
Rendering runner/viewconsole
Completed in 2ms (View: 1 | 200 OK [http://localhost/runner/viewconsole]


Processing RunnerController#viewconsole (for 127.0.0.1 at 2010-04-13 22:35:17) [POST]
  Parameters: {"authenticity_token"=>"s4XOI43d6tywOY69kYO538EOx04RKTruSjdpPyAnsRQ=", "_"=>""}
Rendering runner/viewconsole
Completed in 3ms (View: 1 | 200 OK [http://localhost/runner/viewconsole]


Processing RunnerController#viewconsole (for 127.0.0.1 at 2010-04-13 22:35:19) [POST]
  Parameters: {"authenticity_token"=>"s4XOI43d6tywOY69kYO538EOx04RKTruSjdpPyAnsRQ=", "_"=>""}
Rendering runner/viewconsole
Completed in 3ms (View: 1 | 200 OK [http://localhost/runner/viewconsole]


Processing RunnerController#viewconsole (for 127.0.0.1 at 2010-04-13 22:35:21) [POST]
  Parameters: {"authenticity_token"=>"s4XOI43d6tywOY69kYO538EOx04RKTruSjdpPyAnsRQ=", "_"=>""}
Rendering runner/viewconsole
Completed in 2ms (View: 1 | 200 OK [http://localhost/runner/viewconsole]


Processing RunnerController#viewconsole (for 127.0.0.1 at 2010-04-13 22:35:23) [POST]
  Parameters: {"authenticity_token"=>"s4XOI43d6tywOY69kYO538EOx04RKTruSjdpPyAnsRQ=", "_"=>""}
Rendering runner/viewconsole
Completed in 3ms (View: 1 | 200 OK [http://localhost/runner/viewconsole]


Processing RunnerController#viewconsole (for 127.0.0.1 at 2010-04-13 22:35:25) [POST]
  Parameters: {"authenticity_token"=>"s4XOI43d6tywOY69kYO538EOx04RKTruSjdpPyAnsRQ=", "_"=>""}
Rendering runner/viewconsole
Completed in 3ms (View: 1 | 200 OK [http://localhost/runner/viewconsole]


Processing RunnerController#viewconsole (for 127.0.0.1 at 2010-04-13 22:35:27) [POST]
  Parameters: {"authenticity_token"=>"s4XOI43d6tywOY69kYO538EOx04RKTruSjdpPyAnsRQ=", "_"=>""}
Rendering runner/viewconsole
Completed in 2ms (View: 1 | 200 OK [http://localhost/runner/viewconsole]


Processing RunnerController#viewconsole (for 127.0.0.1 at 2010-04-13 22:35:29) [POST]
  Parameters: {"authenticity_token"=>"s4XOI43d6tywOY69kYO538EOx04RKTruSjdpPyAnsRQ=", "_"=>""}
Rendering runner/viewconsole
Completed in 2ms (View: 0 | 200 OK [http://localhost/runner/viewconsole]


Processing RunnerController#viewconsole (for 127.0.0.1 at 2010-04-13 22:35:31) [POST]
  Parameters: {"authenticity_token"=>"s4XOI43d6tywOY69kYO538EOx04RKTruSjdpPyAnsRQ=", "_"=>""}
Rendering runner/viewconsole
Completed in 3ms (View: 1 | 200 OK [http://localhost/runner/viewconsole]


Processing RunnerController#viewconsole (for 127.0.0.1 at 2010-04-13 22:35:33) [POST]
  Parameters: {"authenticity_token"=>"s4XOI43d6tywOY69kYO538EOx04RKTruSjdpPyAnsRQ=", "_"=>""}
Rendering runner/viewconsole
Completed in 2ms (View: 1 | 200 OK [http://localhost/runner/viewconsole]


Processing RunnerController#viewconsole (for 127.0.0.1 at 2010-04-13 22:35:35) [POST]
  Parameters: {"authenticity_token"=>"s4XOI43d6tywOY69kYO538EOx04RKTruSjdpPyAnsRQ=", "_"=>""}
Rendering runner/viewconsole
Completed in 2ms (View: 1 | 200 OK [http://localhost/runner/viewconsole]


Processing RunnerController#viewconsole (for 127.0.0.1 at 2010-04-13 22:35:37) [POST]
  Parameters: {"authenticity_token"=>"s4XOI43d6tywOY69kYO538EOx04RKTruSjdpPyAnsRQ=", "_"=>""}
Rendering runner/viewconsole
Completed in 2ms (View: 0 | 200 OK [http://localhost/runner/viewconsole]


Processing RunnerController#viewconsole (for 127.0.0.1 at 2010-04-13 22:35:39) [POST]
  Parameters: {"authenticity_token"=>"s4XOI43d6tywOY69kYO538EOx04RKTruSjdpPyAnsRQ=", "_"=>""}
Rendering runner/viewconsole
Completed in 3ms (View: 1 | 200 OK [http://localhost/runner/viewconsole]


Processing RunnerController#viewconsole (for 127.0.0.1 at 2010-04-13 22:35:41) [POST]
  Parameters: {"authenticity_token"=>"s4XOI43d6tywOY69kYO538EOx04RKTruSjdpPyAnsRQ=", "_"=>""}
Rendering runner/viewconsole
Completed in 2ms (View: 0 | 200 OK [http://localhost/runner/viewconsole]


Processing RunnerController#viewconsole (for 127.0.0.1 at 2010-04-13 22:35:43) [POST]
  Parameters: {"authenticity_token"=>"s4XOI43d6tywOY69kYO538EOx04RKTruSjdpPyAnsRQ=", "_"=>""}
Rendering runner/viewconsole
Completed in 3ms (View: 1 | 200 OK [http://localhost/runner/viewconsole]


Processing RunnerController#viewconsole (for 127.0.0.1 at 2010-04-13 22:35:45) [POST]
  Parameters: {"authenticity_token"=>"s4XOI43d6tywOY69kYO538EOx04RKTruSjdpPyAnsRQ=", "_"=>""}
Rendering runner/viewconsole
Completed in 2ms (View: 0 | 200 OK [http://localhost/runner/viewconsole]


Processing RunnerController#viewconsole (for 127.0.0.1 at 2010-04-13 22:35:47) [POST]
  Parameters: {"authenticity_token"=>"s4XOI43d6tywOY69kYO538EOx04RKTruSjdpPyAnsRQ=", "_"=>""}
Rendering runner/viewconsole
Completed in 2ms (View: 1 | 200 OK [http://localhost/runner/viewconsole]


Processing RunnerController#viewconsole (for 127.0.0.1 at 2010-04-13 22:35:49) [POST]
  Parameters: {"authenticity_token"=>"s4XOI43d6tywOY69kYO538EOx04RKTruSjdpPyAnsRQ=", "_"=>""}
Rendering runner/viewconsole
Completed in 3ms (View: 1 | 200 OK [http://localhost/runner/viewconsole]


Processing RunnerController#viewconsole (for 127.0.0.1 at 2010-04-13 22:35:51) [POST]
  Parameters: {"authenticity_token"=>"s4XOI43d6tywOY69kYO538EOx04RKTruSjdpPyAnsRQ=", "_"=>""}
Rendering runner/viewconsole
Completed in 3ms (View: 1 | 200 OK [http://localhost/runner/viewconsole]


Processing RunnerController#viewconsole (for 127.0.0.1 at 2010-04-13 22:35:53) [POST]
  Parameters: {"authenticity_token"=>"s4XOI43d6tywOY69kYO538EOx04RKTruSjdpPyAnsRQ=", "_"=>""}
Rendering runner/viewconsole
Completed in 3ms (View: 1 | 200 OK [http://localhost/runner/viewconsole]


Processing RunnerController#viewconsole (for 127.0.0.1 at 2010-04-13 22:35:55) [POST]
  Parameters: {"authenticity_token"=>"s4XOI43d6tywOY69kYO538EOx04RKTruSjdpPyAnsRQ=", "_"=>""}
Rendering runner/viewconsole
Completed in 2ms (View: 1 | 200 OK [http://localhost/runner/viewconsole]


Processing RunnerController#viewconsole (for 127.0.0.1 at 2010-04-13 22:35:57) [POST]
  Parameters: {"authenticity_token"=>"s4XOI43d6tywOY69kYO538EOx04RKTruSjdpPyAnsRQ=", "_"=>""}
Rendering runner/viewconsole
Completed in 2ms (View: 1 | 200 OK [http://localhost/runner/viewconsole]


Processing RunnerController#viewconsole (for 127.0.0.1 at 2010-04-13 22:35:59) [POST]
  Parameters: {"authenticity_token"=>"s4XOI43d6tywOY69kYO538EOx04RKTruSjdpPyAnsRQ=", "_"=>""}
Rendering runner/viewconsole
Completed in 3ms (View: 1 | 200 OK [http://localhost/runner/viewconsole]


Processing RunnerController#viewconsole (for 127.0.0.1 at 2010-04-13 22:36:01) [POST]
  Parameters: {"authenticity_token"=>"s4XOI43d6tywOY69kYO538EOx04RKTruSjdpPyAnsRQ=", "_"=>""}
Rendering runner/viewconsole
Completed in 3ms (View: 1 | 200 OK [http://localhost/runner/viewconsole]


Processing RunnerController#viewconsole (for 127.0.0.1 at 2010-04-13 22:36:03) [POST]
  Parameters: {"authenticity_token"=>"s4XOI43d6tywOY69kYO538EOx04RKTruSjdpPyAnsRQ=", "_"=>""}
Rendering runner/viewconsole
Completed in 3ms (View: 1 | 200 OK [http://localhost/runner/viewconsole]


Processing RunnerController#viewconsole (for 127.0.0.1 at 2010-04-13 22:36:05) [POST]
  Parameters: {"authenticity_token"=>"s4XOI43d6tywOY69kYO538EOx04RKTruSjdpPyAnsRQ=", "_"=>""}
Rendering runner/viewconsole
Completed in 3ms (View: 1 | 200 OK [http://localhost/runner/viewconsole]


Processing RunnerController#viewconsole (for 127.0.0.1 at 2010-04-13 22:36:07) [POST]
  Parameters: {"authenticity_token"=>"s4XOI43d6tywOY69kYO538EOx04RKTruSjdpPyAnsRQ=", "_"=>""}
Rendering runner/viewconsole
Completed in 3ms (View: 1 | 200 OK [http://localhost/runner/viewconsole]


Processing RunnerController#runsuite (for 127.0.0.1 at 2010-04-13 22:36:07) [GET]
  Parameters: {"suite"=>"C:/Users/Daniel/Downloads/Programming/runner/script/../db/test_files/suites/google_suite.rb"}
Rendering template within layouts/application
Rendering runner/runsuite
Completed in 150ms (View: 3 | 200 OK [http://localhost/runner/runsuite?suite=C:/Users/Daniel/Downloads/Programming/runner/script/../db/test_files/suites/google_suite.rb]


Processing RunnerController#viewconsole (for 127.0.0.1 at 2010-04-13 22:36:10) [POST]
  Parameters: {"authenticity_token"=>"s4XOI43d6tywOY69kYO538EOx04RKTruSjdpPyAnsRQ=", "_"=>""}
Rendering runner/viewconsole
Completed in 3ms (View: 1 | 200 OK [http://localhost/runner/viewconsole]


Processing RunnerController#viewconsole (for 127.0.0.1 at 2010-04-13 22:36:13) [POST]
  Parameters: {"authenticity_token"=>"s4XOI43d6tywOY69kYO538EOx04RKTruSjdpPyAnsRQ=", "_"=>""}
Rendering runner/viewconsole
Completed in 2ms (View: 1 | 200 OK [http://localhost/runner/viewconsole]


Processing RunnerController#viewconsole (for 127.0.0.1 at 2010-04-13 22:36:14) [POST]
  Parameters: {"authenticity_token"=>"s4XOI43d6tywOY69kYO538EOx04RKTruSjdpPyAnsRQ=", "_"=>""}
Rendering runner/viewconsole
Completed in 2ms (View: 1 | 200 OK [http://localhost/runner/viewconsole]


Processing RunnerController#viewconsole (for 127.0.0.1 at 2010-04-13 22:36:16) [POST]
  Parameters: {"authenticity_token"=>"s4XOI43d6tywOY69kYO538EOx04RKTruSjdpPyAnsRQ=", "_"=>""}
Rendering runner/viewconsole
Completed in 2ms (View: 1 | 200 OK [http://localhost/runner/viewconsole]


Processing RunnerController#viewconsole (for 127.0.0.1 at 2010-04-13 22:36:18) [POST]
  Parameters: {"authenticity_token"=>"s4XOI43d6tywOY69kYO538EOx04RKTruSjdpPyAnsRQ=", "_"=>""}
Rendering runner/viewconsole
Completed in 19ms (View: 1 | 200 OK [http://localhost/runner/viewconsole]


Processing RunnerController#viewconsole (for 127.0.0.1 at 2010-04-13 22:36:20) [POST]
  Parameters: {"authenticity_token"=>"s4XOI43d6tywOY69kYO538EOx04RKTruSjdpPyAnsRQ=", "_"=>""}
Rendering runner/viewconsole
Completed in 3ms (View: 0 | 200 OK [http://localhost/runner/viewconsole]


Processing RunnerController#viewconsole (for 127.0.0.1 at 2010-04-13 22:36:22) [POST]
  Parameters: {"authenticity_token"=>"s4XOI43d6tywOY69kYO538EOx04RKTruSjdpPyAnsRQ=", "_"=>""}
Rendering runner/viewconsole
Completed in 2ms (View: 1 | 200 OK [http://localhost/runner/viewconsole]


Processing RunnerController#viewconsole (for 127.0.0.1 at 2010-04-13 22:36:24) [POST]
  Parameters: {"authenticity_token"=>"s4XOI43d6tywOY69kYO538EOx04RKTruSjdpPyAnsRQ=", "_"=>""}
Rendering runner/viewconsole
Completed in 2ms (View: 1 | 200 OK [http://localhost/runner/viewconsole]


Processing RunnerController#viewconsole (for 127.0.0.1 at 2010-04-13 22:36:26) [POST]
  Parameters: {"authenticity_token"=>"s4XOI43d6tywOY69kYO538EOx04RKTruSjdpPyAnsRQ=", "_"=>""}
Rendering runner/viewconsole
Completed in 3ms (View: 1 | 200 OK [http://localhost/runner/viewconsole]


Processing RunnerController#viewconsole (for 127.0.0.1 at 2010-04-13 22:36:28) [POST]
  Parameters: {"authenticity_token"=>"s4XOI43d6tywOY69kYO538EOx04RKTruSjdpPyAnsRQ=", "_"=>""}
Rendering runner/viewconsole
Completed in 3ms (View: 1 | 200 OK [http://localhost/runner/viewconsole]


Processing RunnerController#viewconsole (for 127.0.0.1 at 2010-04-13 22:36:30) [POST]
  Parameters: {"authenticity_token"=>"s4XOI43d6tywOY69kYO538EOx04RKTruSjdpPyAnsRQ=", "_"=>""}
Rendering runner/viewconsole
Completed in 3ms (View: 1 | 200 OK [http://localhost/runner/viewconsole]


Processing RunnerController#viewconsole (for 127.0.0.1 at 2010-04-13 22:36:32) [POST]
  Parameters: {"authenticity_token"=>"s4XOI43d6tywOY69kYO538EOx04RKTruSjdpPyAnsRQ=", "_"=>""}
Rendering runner/viewconsole
Completed in 2ms (View: 1 | 200 OK [http://localhost/runner/viewconsole]


Processing RunnerController#viewconsole (for 127.0.0.1 at 2010-04-13 22:36:34) [POST]
  Parameters: {"authenticity_token"=>"s4XOI43d6tywOY69kYO538EOx04RKTruSjdpPyAnsRQ=", "_"=>""}
Rendering runner/viewconsole
Completed in 2ms (View: 0 | 200 OK [http://localhost/runner/viewconsole]


Processing RunnerController#viewconsole (for 127.0.0.1 at 2010-04-13 22:36:36) [POST]
  Parameters: {"authenticity_token"=>"s4XOI43d6tywOY69kYO538EOx04RKTruSjdpPyAnsRQ=", "_"=>""}
Rendering runner/viewconsole
Completed in 2ms (View: 1 | 200 OK [http://localhost/runner/viewconsole]


Processing RunnerController#viewconsole (for 127.0.0.1 at 2010-04-13 22:36:38) [POST]
  Parameters: {"authenticity_token"=>"s4XOI43d6tywOY69kYO538EOx04RKTruSjdpPyAnsRQ=", "_"=>""}
Rendering runner/viewconsole
Completed in 2ms (View: 0 | 200 OK [http://localhost/runner/viewconsole]


Processing RunnerController#viewconsole (for 127.0.0.1 at 2010-04-13 22:36:40) [POST]
  Parameters: {"authenticity_token"=>"s4XOI43d6tywOY69kYO538EOx04RKTruSjdpPyAnsRQ=", "_"=>""}
Rendering runner/viewconsole
Completed in 3ms (View: 1 | 200 OK [http://localhost/runner/viewconsole]


Processing RunnerController#viewconsole (for 127.0.0.1 at 2010-04-13 22:36:42) [POST]
  Parameters: {"authenticity_token"=>"s4XOI43d6tywOY69kYO538EOx04RKTruSjdpPyAnsRQ=", "_"=>""}
Rendering runner/viewconsole
Completed in 3ms (View: 1 | 200 OK [http://localhost/runner/viewconsole]


Processing RunnerController#viewconsole (for 127.0.0.1 at 2010-04-13 22:36:44) [POST]
  Parameters: {"authenticity_token"=>"s4XOI43d6tywOY69kYO538EOx04RKTruSjdpPyAnsRQ=", "_"=>""}
Rendering runner/viewconsole
Completed in 6ms (View: 4 | 200 OK [http://localhost/runner/viewconsole]


Processing RunnerController#viewconsole (for 127.0.0.1 at 2010-04-13 22:36:47) [POST]
  Parameters: {"authenticity_token"=>"s4XOI43d6tywOY69kYO538EOx04RKTruSjdpPyAnsRQ=", "_"=>""}
Rendering runner/viewconsole
Completed in 3ms (View: 1 | 200 OK [http://localhost/runner/viewconsole]


Processing RunnerController#viewconsole (for 127.0.0.1 at 2010-04-13 22:36:49) [POST]
  Parameters: {"authenticity_token"=>"s4XOI43d6tywOY69kYO538EOx04RKTruSjdpPyAnsRQ=", "_"=>""}
Rendering runner/viewconsole
Completed in 3ms (View: 1 | 200 OK [http://localhost/runner/viewconsole]


Processing RunnerController#viewconsole (for 127.0.0.1 at 2010-04-13 22:36:51) [POST]
  Parameters: {"authenticity_token"=>"s4XOI43d6tywOY69kYO538EOx04RKTruSjdpPyAnsRQ=", "_"=>""}
Rendering runner/viewconsole
Completed in 2ms (View: 1 | 200 OK [http://localhost/runner/viewconsole]


Processing RunnerController#viewconsole (for 127.0.0.1 at 2010-04-13 22:36:53) [POST]
  Parameters: {"authenticity_token"=>"s4XOI43d6tywOY69kYO538EOx04RKTruSjdpPyAnsRQ=", "_"=>""}
Rendering runner/viewconsole
Completed in 3ms (View: 1 | 200 OK [http://localhost/runner/viewconsole]


Processing RunnerController#viewconsole (for 127.0.0.1 at 2010-04-13 22:36:55) [POST]
  Parameters: {"authenticity_token"=>"s4XOI43d6tywOY69kYO538EOx04RKTruSjdpPyAnsRQ=", "_"=>""}
Rendering runner/viewconsole
Completed in 3ms (View: 1 | 200 OK [http://localhost/runner/viewconsole]


Processing RunnerController#viewconsole (for 127.0.0.1 at 2010-04-13 22:36:57) [POST]
  Parameters: {"authenticity_token"=>"s4XOI43d6tywOY69kYO538EOx04RKTruSjdpPyAnsRQ=", "_"=>""}
Rendering runner/viewconsole
Completed in 3ms (View: 1 | 200 OK [http://localhost/runner/viewconsole]


Processing RunnerController#viewconsole (for 127.0.0.1 at 2010-04-13 22:36:59) [POST]
  Parameters: {"authenticity_token"=>"s4XOI43d6tywOY69kYO538EOx04RKTruSjdpPyAnsRQ=", "_"=>""}
Rendering runner/viewconsole
Completed in 2ms (View: 1 | 200 OK [http://localhost/runner/viewconsole]


Processing RunnerController#viewconsole (for 127.0.0.1 at 2010-04-13 22:37:01) [POST]
  Parameters: {"authenticity_token"=>"s4XOI43d6tywOY69kYO538EOx04RKTruSjdpPyAnsRQ=", "_"=>""}
Rendering runner/viewconsole
Completed in 5ms (View: 1 | 200 OK [http://localhost/runner/viewconsole]


Processing RunnerController#viewconsole (for 127.0.0.1 at 2010-04-13 22:37:03) [POST]
  Parameters: {"authenticity_token"=>"s4XOI43d6tywOY69kYO538EOx04RKTruSjdpPyAnsRQ=", "_"=>""}
Rendering runner/viewconsole
Completed in 2ms (View: 1 | 200 OK [http://localhost/runner/viewconsole]


Processing RunnerController#viewconsole (for 127.0.0.1 at 2010-04-13 22:37:05) [POST]
  Parameters: {"authenticity_token"=>"s4XOI43d6tywOY69kYO538EOx04RKTruSjdpPyAnsRQ=", "_"=>""}
Rendering runner/viewconsole
Completed in 3ms (View: 1 | 200 OK [http://localhost/runner/viewconsole]


Processing RunnerController#viewconsole (for 127.0.0.1 at 2010-04-13 22:37:07) [POST]
  Parameters: {"authenticity_token"=>"s4XOI43d6tywOY69kYO538EOx04RKTruSjdpPyAnsRQ=", "_"=>""}
Rendering runner/viewconsole
Completed in 2ms (View: 1 | 200 OK [http://localhost/runner/viewconsole]


Processing RunnerController#runsuite (for 127.0.0.1 at 2010-04-13 22:37:07) [GET]
  Parameters: {"suite"=>"C:/Users/Daniel/Downloads/Programming/runner/script/../db/test_files/suites/google_suite.rb"}
Rendering template within layouts/application
Rendering runner/runsuite
Completed in 160ms (View: 3 | 200 OK [http://localhost/runner/runsuite?suite=C:/Users/Daniel/Downloads/Programming/runner/script/../db/test_files/suites/google_suite.rb]


Processing RunnerController#viewconsole (for 127.0.0.1 at 2010-04-13 22:37:10) [POST]
  Parameters: {"authenticity_token"=>"s4XOI43d6tywOY69kYO538EOx04RKTruSjdpPyAnsRQ=", "_"=>""}
Rendering runner/viewconsole
Completed in 3ms (View: 1 | 200 OK [http://localhost/runner/viewconsole]


Processing RunnerController#index (for 127.0.0.1 at 2010-04-13 22:37:11) [GET]
Rendering template within layouts/application
Rendering runner/index
Completed in 5ms (View: 3 | 200 OK [http://localhost/runner]


Processing RunnerController#runsuite (for 127.0.0.1 at 2010-04-13 22:37:12) [GET]
  Parameters: {"suite"=>"C:/Users/Daniel/Downloads/Programming/runner/script/../db/test_files/suites/google_suite.rb"}
Rendering template within layouts/application
Rendering runner/runsuite
Completed in 157ms (View: 3 | 200 OK [http://localhost/runner/runsuite?suite=C:/Users/Daniel/Downloads/Programming/runner/script/../db/test_files/suites/google_suite.rb]


Processing RunnerController#viewconsole (for 127.0.0.1 at 2010-04-13 22:37:15) [POST]
  Parameters: {"authenticity_token"=>"s4XOI43d6tywOY69kYO538EOx04RKTruSjdpPyAnsRQ=", "_"=>""}
Rendering runner/viewconsole
Completed in 2ms (View: 1 | 200 OK [http://localhost/runner/viewconsole]


Processing RunnerController#viewconsole (for 127.0.0.1 at 2010-04-13 22:37:16) [POST]
  Parameters: {"authenticity_token"=>"s4XOI43d6tywOY69kYO538EOx04RKTruSjdpPyAnsRQ=", "_"=>""}
Rendering runner/viewconsole
Completed in 3ms (View: 1 | 200 OK [http://localhost/runner/viewconsole]


Processing RunnerController#viewconsole (for 127.0.0.1 at 2010-04-13 22:37:18) [POST]
  Parameters: {"authenticity_token"=>"s4XOI43d6tywOY69kYO538EOx04RKTruSjdpPyAnsRQ=", "_"=>""}
Rendering runner/viewconsole
Completed in 19ms (View: 18 | 200 OK [http://localhost/runner/viewconsole]


Processing RunnerController#viewconsole (for 127.0.0.1 at 2010-04-13 22:37:20) [POST]
  Parameters: {"authenticity_token"=>"s4XOI43d6tywOY69kYO538EOx04RKTruSjdpPyAnsRQ=", "_"=>""}
Rendering runner/viewconsole
Completed in 3ms (View: 1 | 200 OK [http://localhost/runner/viewconsole]


Processing RunnerController#viewconsole (for 127.0.0.1 at 2010-04-13 22:37:22) [POST]
  Parameters: {"authenticity_token"=>"s4XOI43d6tywOY69kYO538EOx04RKTruSjdpPyAnsRQ=", "_"=>""}
Rendering runner/viewconsole
Completed in 2ms (View: 1 | 200 OK [http://localhost/runner/viewconsole]


Processing RunnerController#viewconsole (for 127.0.0.1 at 2010-04-13 22:37:24) [POST]
  Parameters: {"authenticity_token"=>"s4XOI43d6tywOY69kYO538EOx04RKTruSjdpPyAnsRQ=", "_"=>""}
Rendering runner/viewconsole
Completed in 2ms (View: 0 | 200 OK [http://localhost/runner/viewconsole]


Processing RunnerController#viewconsole (for 127.0.0.1 at 2010-04-13 22:37:26) [POST]
  Parameters: {"authenticity_token"=>"s4XOI43d6tywOY69kYO538EOx04RKTruSjdpPyAnsRQ=", "_"=>""}
Rendering runner/viewconsole
Completed in 2ms (View: 0 | 200 OK [http://localhost/runner/viewconsole]


Processing RunnerController#viewconsole (for 127.0.0.1 at 2010-04-13 22:37:28) [POST]
  Parameters: {"authenticity_token"=>"s4XOI43d6tywOY69kYO538EOx04RKTruSjdpPyAnsRQ=", "_"=>""}
Rendering runner/viewconsole
Completed in 3ms (View: 1 | 200 OK [http://localhost/runner/viewconsole]


Processing RunnerController#viewconsole (for 127.0.0.1 at 2010-04-13 22:37:30) [POST]
  Parameters: {"authenticity_token"=>"s4XOI43d6tywOY69kYO538EOx04RKTruSjdpPyAnsRQ=", "_"=>""}
Rendering runner/viewconsole
Completed in 2ms (View: 0 | 200 OK [http://localhost/runner/viewconsole]


Processing RunnerController#viewconsole (for 127.0.0.1 at 2010-04-13 22:37:32) [POST]
  Parameters: {"authenticity_token"=>"s4XOI43d6tywOY69kYO538EOx04RKTruSjdpPyAnsRQ=", "_"=>""}
Rendering runner/viewconsole
Completed in 5ms (View: 2 | 200 OK [http://localhost/runner/viewconsole]


Processing RunnerController#viewconsole (for 127.0.0.1 at 2010-04-13 22:37:34) [POST]
  Parameters: {"authenticity_token"=>"s4XOI43d6tywOY69kYO538EOx04RKTruSjdpPyAnsRQ=", "_"=>""}
Rendering runner/viewconsole
Completed in 2ms (View: 1 | 200 OK [http://localhost/runner/viewconsole]


Processing RunnerController#viewconsole (for 127.0.0.1 at 2010-04-13 22:37:36) [POST]
  Parameters: {"authenticity_token"=>"s4XOI43d6tywOY69kYO538EOx04RKTruSjdpPyAnsRQ=", "_"=>""}
Rendering runner/viewconsole
Completed in 3ms (View: 1 | 200 OK [http://localhost/runner/viewconsole]


Processing RunnerController#viewconsole (for 127.0.0.1 at 2010-04-13 22:37:38) [POST]
  Parameters: {"authenticity_token"=>"s4XOI43d6tywOY69kYO538EOx04RKTruSjdpPyAnsRQ=", "_"=>""}
Rendering runner/viewconsole
Completed in 2ms (View: 1 | 200 OK [http://localhost/runner/viewconsole]


Processing RunnerController#viewconsole (for 127.0.0.1 at 2010-04-13 22:37:40) [POST]
  Parameters: {"authenticity_token"=>"s4XOI43d6tywOY69kYO538EOx04RKTruSjdpPyAnsRQ=", "_"=>""}
Rendering runner/viewconsole
Completed in 4ms (View: 1 | 200 OK [http://localhost/runner/viewconsole]


Processing RunnerController#viewconsole (for 127.0.0.1 at 2010-04-13 22:37:42) [POST]
  Parameters: {"authenticity_token"=>"s4XOI43d6tywOY69kYO538EOx04RKTruSjdpPyAnsRQ=", "_"=>""}
Rendering runner/viewconsole
Completed in 2ms (View: 1 | 200 OK [http://localhost/runner/viewconsole]


Processing RunnerController#runsuite (for 127.0.0.1 at 2010-04-13 22:37:56) [GET]
  Parameters: {"suite"=>"C:/Users/Daniel/Downloads/Programming/runner/script/../db/test_files/suites/google_suite.rb"}
Rendering template within layouts/application
Rendering runner/runsuite
Completed in 143ms (View: 3 | 200 OK [http://localhost/runner/runsuite?suite=C:/Users/Daniel/Downloads/Programming/runner/script/../db/test_files/suites/google_suite.rb]


Processing RunnerController#runsuite (for 127.0.0.1 at 2010-04-13 22:38:00) [GET]
  Parameters: {"suite"=>"C:/Users/Daniel/Downloads/Programming/runner/script/../db/test_files/suites/google_suite.rb"}
Rendering template within layouts/application
Rendering runner/runsuite
Completed in 141ms (View: 4 | 200 OK [http://localhost/runner/runsuite?suite=C:/Users/Daniel/Downloads/Programming/runner/script/../db/test_files/suites/google_suite.rb]


Processing RunnerController#index (for 127.0.0.1 at 2010-04-13 22:41:42) [GET]
Rendering template within layouts/application
Rendering runner/index
Completed in 498ms (View: 118 | 200 OK [http://localhost/runner]


Processing RunnerController#runsuite (for 127.0.0.1 at 2010-04-13 22:41:45) [GET]
  Parameters: {"suite"=>"C:/Users/Daniel/Downloads/Programming/runner/script/../db/test_files/suites/hello.rb"}
Rendering template within layouts/application
Rendering runner/runsuite
Completed in 161ms (View: 14 | 200 OK [http://localhost/runner/runsuite?suite=C:/Users/Daniel/Downloads/Programming/runner/script/../db/test_files/suites/hello.rb]


Processing RunnerController#viewconsole (for 127.0.0.1 at 2010-04-13 22:41:48) [POST]
  Parameters: {"authenticity_token"=>"s4XOI43d6tywOY69kYO538EOx04RKTruSjdpPyAnsRQ=", "_"=>""}
Rendering runner/viewconsole
Completed in 12ms (View: 10 | 200 OK [http://localhost/runner/viewconsole]


Processing RunnerController#viewconsole (for 127.0.0.1 at 2010-04-13 22:41:50) [POST]
  Parameters: {"authenticity_token"=>"s4XOI43d6tywOY69kYO538EOx04RKTruSjdpPyAnsRQ=", "_"=>""}
Rendering runner/viewconsole
Completed in 3ms (View: 1 | 200 OK [http://localhost/runner/viewconsole]


Processing RunnerController#viewconsole (for 127.0.0.1 at 2010-04-13 22:41:52) [POST]
  Parameters: {"authenticity_token"=>"s4XOI43d6tywOY69kYO538EOx04RKTruSjdpPyAnsRQ=", "_"=>""}
Rendering runner/viewconsole
Completed in 3ms (View: 1 | 200 OK [http://localhost/runner/viewconsole]


Processing RunnerController#viewconsole (for 127.0.0.1 at 2010-04-13 22:41:54) [POST]
  Parameters: {"authenticity_token"=>"s4XOI43d6tywOY69kYO538EOx04RKTruSjdpPyAnsRQ=", "_"=>""}
Rendering runner/viewconsole
Completed in 3ms (View: 1 | 200 OK [http://localhost/runner/viewconsole]


Processing RunnerController#viewconsole (for 127.0.0.1 at 2010-04-13 22:41:56) [POST]
  Parameters: {"authenticity_token"=>"s4XOI43d6tywOY69kYO538EOx04RKTruSjdpPyAnsRQ=", "_"=>""}
Rendering runner/viewconsole
Completed in 6ms (View: 1 | 200 OK [http://localhost/runner/viewconsole]


Processing RunnerController#viewconsole (for 127.0.0.1 at 2010-04-13 22:41:58) [POST]
  Parameters: {"authenticity_token"=>"s4XOI43d6tywOY69kYO538EOx04RKTruSjdpPyAnsRQ=", "_"=>""}
Rendering runner/viewconsole
Completed in 3ms (View: 1 | 200 OK [http://localhost/runner/viewconsole]


Processing RunnerController#viewconsole (for 127.0.0.1 at 2010-04-13 22:42:00) [POST]
  Parameters: {"authenticity_token"=>"s4XOI43d6tywOY69kYO538EOx04RKTruSjdpPyAnsRQ=", "_"=>""}
Rendering runner/viewconsole
Completed in 7ms (View: 1 | 200 OK [http://localhost/runner/viewconsole]


Processing RunnerController#viewconsole (for 127.0.0.1 at 2010-04-13 22:42:02) [POST]
  Parameters: {"authenticity_token"=>"s4XOI43d6tywOY69kYO538EOx04RKTruSjdpPyAnsRQ=", "_"=>""}
Rendering runner/viewconsole
Completed in 2ms (View: 0 | 200 OK [http://localhost/runner/viewconsole]


Processing RunnerController#viewconsole (for 127.0.0.1 at 2010-04-13 22:42:04) [POST]
  Parameters: {"authenticity_token"=>"s4XOI43d6tywOY69kYO538EOx04RKTruSjdpPyAnsRQ=", "_"=>""}
Rendering runner/viewconsole
Completed in 2ms (View: 1 | 200 OK [http://localhost/runner/viewconsole]


Processing RunnerController#viewconsole (for 127.0.0.1 at 2010-04-13 22:42:06) [POST]
  Parameters: {"authenticity_token"=>"s4XOI43d6tywOY69kYO538EOx04RKTruSjdpPyAnsRQ=", "_"=>""}
Rendering runner/viewconsole
Completed in 3ms (View: 1 | 200 OK [http://localhost/runner/viewconsole]


Processing RunnerController#viewconsole (for 127.0.0.1 at 2010-04-13 22:42:08) [POST]
  Parameters: {"authenticity_token"=>"s4XOI43d6tywOY69kYO538EOx04RKTruSjdpPyAnsRQ=", "_"=>""}
Rendering runner/viewconsole
Completed in 3ms (View: 1 | 200 OK [http://localhost/runner/viewconsole]


Processing RunnerController#viewconsole (for 127.0.0.1 at 2010-04-13 22:42:10) [POST]
  Parameters: {"authenticity_token"=>"s4XOI43d6tywOY69kYO538EOx04RKTruSjdpPyAnsRQ=", "_"=>""}
Rendering runner/viewconsole
Completed in 3ms (View: 1 | 200 OK [http://localhost/runner/viewconsole]


Processing RunnerController#viewconsole (for 127.0.0.1 at 2010-04-13 22:42:12) [POST]
  Parameters: {"authenticity_token"=>"s4XOI43d6tywOY69kYO538EOx04RKTruSjdpPyAnsRQ=", "_"=>""}
Rendering runner/viewconsole
Completed in 3ms (View: 1 | 200 OK [http://localhost/runner/viewconsole]


Processing RunnerController#viewconsole (for 127.0.0.1 at 2010-04-13 22:42:14) [POST]
  Parameters: {"authenticity_token"=>"s4XOI43d6tywOY69kYO538EOx04RKTruSjdpPyAnsRQ=", "_"=>""}
Rendering runner/viewconsole
Completed in 3ms (View: 1 | 200 OK [http://localhost/runner/viewconsole]


Processing RunnerController#viewconsole (for 127.0.0.1 at 2010-04-13 22:42:16) [POST]
  Parameters: {"authenticity_token"=>"s4XOI43d6tywOY69kYO538EOx04RKTruSjdpPyAnsRQ=", "_"=>""}
Rendering runner/viewconsole
Completed in 3ms (View: 1 | 200 OK [http://localhost/runner/viewconsole]


Processing RunnerController#viewconsole (for 127.0.0.1 at 2010-04-13 22:42:18) [POST]
  Parameters: {"authenticity_token"=>"s4XOI43d6tywOY69kYO538EOx04RKTruSjdpPyAnsRQ=", "_"=>""}
Rendering runner/viewconsole
Completed in 2ms (View: 1 | 200 OK [http://localhost/runner/viewconsole]


Processing RunnerController#viewconsole (for 127.0.0.1 at 2010-04-13 22:42:20) [POST]
  Parameters: {"authenticity_token"=>"s4XOI43d6tywOY69kYO538EOx04RKTruSjdpPyAnsRQ=", "_"=>""}
Rendering runner/viewconsole
Completed in 3ms (View: 1 | 200 OK [http://localhost/runner/viewconsole]


Processing RunnerController#viewconsole (for 127.0.0.1 at 2010-04-13 22:42:22) [POST]
  Parameters: {"authenticity_token"=>"s4XOI43d6tywOY69kYO538EOx04RKTruSjdpPyAnsRQ=", "_"=>""}
Rendering runner/viewconsole
Completed in 4ms (View: 1 | 200 OK [http://localhost/runner/viewconsole]


Processing RunnerController#viewconsole (for 127.0.0.1 at 2010-04-13 22:42:24) [POST]
  Parameters: {"authenticity_token"=>"s4XOI43d6tywOY69kYO538EOx04RKTruSjdpPyAnsRQ=", "_"=>""}
Rendering runner/viewconsole
Completed in 2ms (View: 0 | 200 OK [http://localhost/runner/viewconsole]


Processing RunnerController#viewconsole (for 127.0.0.1 at 2010-04-13 22:42:26) [POST]
  Parameters: {"authenticity_token"=>"s4XOI43d6tywOY69kYO538EOx04RKTruSjdpPyAnsRQ=", "_"=>""}
Rendering runner/viewconsole
Completed in 3ms (View: 1 | 200 OK [http://localhost/runner/viewconsole]


Processing RunnerController#viewconsole (for 127.0.0.1 at 2010-04-13 22:42:28) [POST]
  Parameters: {"authenticity_token"=>"s4XOI43d6tywOY69kYO538EOx04RKTruSjdpPyAnsRQ=", "_"=>""}
Rendering runner/viewconsole
Completed in 3ms (View: 1 | 200 OK [http://localhost/runner/viewconsole]


Processing RunnerController#viewconsole (for 127.0.0.1 at 2010-04-13 22:42:30) [POST]
  Parameters: {"authenticity_token"=>"s4XOI43d6tywOY69kYO538EOx04RKTruSjdpPyAnsRQ=", "_"=>""}
Rendering runner/viewconsole
Completed in 3ms (View: 1 | 200 OK [http://localhost/runner/viewconsole]


Processing RunnerController#viewconsole (for 127.0.0.1 at 2010-04-13 22:42:32) [POST]
  Parameters: {"authenticity_token"=>"s4XOI43d6tywOY69kYO538EOx04RKTruSjdpPyAnsRQ=", "_"=>""}
Rendering runner/viewconsole
Completed in 5ms (View: 2 | 200 OK [http://localhost/runner/viewconsole]


Processing RunnerController#viewconsole (for 127.0.0.1 at 2010-04-13 22:42:34) [POST]
  Parameters: {"authenticity_token"=>"s4XOI43d6tywOY69kYO538EOx04RKTruSjdpPyAnsRQ=", "_"=>""}
Rendering runner/viewconsole
Completed in 6ms (View: 1 | 200 OK [http://localhost/runner/viewconsole]


Processing RunnerController#viewconsole (for 127.0.0.1 at 2010-04-13 22:42:36) [POST]
  Parameters: {"authenticity_token"=>"s4XOI43d6tywOY69kYO538EOx04RKTruSjdpPyAnsRQ=", "_"=>""}
Rendering runner/viewconsole
Completed in 3ms (View: 1 | 200 OK [http://localhost/runner/viewconsole]


Processing RunnerController#viewconsole (for 127.0.0.1 at 2010-04-13 22:42:38) [POST]
  Parameters: {"authenticity_token"=>"s4XOI43d6tywOY69kYO538EOx04RKTruSjdpPyAnsRQ=", "_"=>""}
Rendering runner/viewconsole
Completed in 2ms (View: 0 | 200 OK [http://localhost/runner/viewconsole]


Processing RunnerController#viewconsole (for 127.0.0.1 at 2010-04-13 22:42:40) [POST]
  Parameters: {"authenticity_token"=>"s4XOI43d6tywOY69kYO538EOx04RKTruSjdpPyAnsRQ=", "_"=>""}
Rendering runner/viewconsole
Completed in 2ms (View: 1 | 200 OK [http://localhost/runner/viewconsole]


Processing RunnerController#viewconsole (for 127.0.0.1 at 2010-04-13 22:42:42) [POST]
  Parameters: {"authenticity_token"=>"s4XOI43d6tywOY69kYO538EOx04RKTruSjdpPyAnsRQ=", "_"=>""}
Rendering runner/viewconsole
Completed in 2ms (View: 1 | 200 OK [http://localhost/runner/viewconsole]


Processing RunnerController#viewconsole (for 127.0.0.1 at 2010-04-13 22:42:44) [POST]
  Parameters: {"authenticity_token"=>"s4XOI43d6tywOY69kYO538EOx04RKTruSjdpPyAnsRQ=", "_"=>""}
Rendering runner/viewconsole
Completed in 3ms (View: 1 | 200 OK [http://localhost/runner/viewconsole]


Processing RunnerController#viewconsole (for 127.0.0.1 at 2010-04-13 22:42:46) [POST]
  Parameters: {"authenticity_token"=>"s4XOI43d6tywOY69kYO538EOx04RKTruSjdpPyAnsRQ=", "_"=>""}
Rendering runner/viewconsole
Completed in 2ms (View: 1 | 200 OK [http://localhost/runner/viewconsole]


Processing RunnerController#viewconsole (for 127.0.0.1 at 2010-04-13 22:42:48) [POST]
  Parameters: {"authenticity_token"=>"s4XOI43d6tywOY69kYO538EOx04RKTruSjdpPyAnsRQ=", "_"=>""}
Rendering runner/viewconsole
Completed in 4ms (View: 2 | 200 OK [http://localhost/runner/viewconsole]


Processing RunnerController#viewconsole (for 127.0.0.1 at 2010-04-13 22:42:50) [POST]
  Parameters: {"authenticity_token"=>"s4XOI43d6tywOY69kYO538EOx04RKTruSjdpPyAnsRQ=", "_"=>""}
Rendering runner/viewconsole
Completed in 3ms (View: 1 | 200 OK [http://localhost/runner/viewconsole]


Processing RunnerController#viewconsole (for 127.0.0.1 at 2010-04-13 22:42:52) [POST]
  Parameters: {"authenticity_token"=>"s4XOI43d6tywOY69kYO538EOx04RKTruSjdpPyAnsRQ=", "_"=>""}
Rendering runner/viewconsole
Completed in 2ms (View: 0 | 200 OK [http://localhost/runner/viewconsole]


Processing RunnerController#viewconsole (for 127.0.0.1 at 2010-04-13 22:42:54) [POST]
  Parameters: {"authenticity_token"=>"s4XOI43d6tywOY69kYO538EOx04RKTruSjdpPyAnsRQ=", "_"=>""}
Rendering runner/viewconsole
Completed in 3ms (View: 0 | 200 OK [http://localhost/runner/viewconsole]


Processing RunnerController#viewconsole (for 127.0.0.1 at 2010-04-13 22:42:56) [POST]
  Parameters: {"authenticity_token"=>"s4XOI43d6tywOY69kYO538EOx04RKTruSjdpPyAnsRQ=", "_"=>""}
Rendering runner/viewconsole
Completed in 3ms (View: 1 | 200 OK [http://localhost/runner/viewconsole]


Processing RunnerController#viewconsole (for 127.0.0.1 at 2010-04-13 22:42:58) [POST]
  Parameters: {"authenticity_token"=>"s4XOI43d6tywOY69kYO538EOx04RKTruSjdpPyAnsRQ=", "_"=>""}
Rendering runner/viewconsole
Completed in 3ms (View: 1 | 200 OK [http://localhost/runner/viewconsole]


Processing RunnerController#viewconsole (for 127.0.0.1 at 2010-04-13 22:43:00) [POST]
  Parameters: {"authenticity_token"=>"s4XOI43d6tywOY69kYO538EOx04RKTruSjdpPyAnsRQ=", "_"=>""}
Rendering runner/viewconsole
Completed in 5ms (View: 1 | 200 OK [http://localhost/runner/viewconsole]


Processing RunnerController#viewconsole (for 127.0.0.1 at 2010-04-13 22:43:02) [POST]
  Parameters: {"authenticity_token"=>"s4XOI43d6tywOY69kYO538EOx04RKTruSjdpPyAnsRQ=", "_"=>""}
Rendering runner/viewconsole
Completed in 3ms (View: 1 | 200 OK [http://localhost/runner/viewconsole]


Processing RunnerController#viewconsole (for 127.0.0.1 at 2010-04-13 22:43:04) [POST]
  Parameters: {"authenticity_token"=>"s4XOI43d6tywOY69kYO538EOx04RKTruSjdpPyAnsRQ=", "_"=>""}
Rendering runner/viewconsole
Completed in 2ms (View: 1 | 200 OK [http://localhost/runner/viewconsole]


Processing RunnerController#viewconsole (for 127.0.0.1 at 2010-04-13 22:43:06) [POST]
  Parameters: {"authenticity_token"=>"s4XOI43d6tywOY69kYO538EOx04RKTruSjdpPyAnsRQ=", "_"=>""}
Rendering runner/viewconsole
Completed in 2ms (View: 0 | 200 OK [http://localhost/runner/viewconsole]


Processing RunnerController#viewconsole (for 127.0.0.1 at 2010-04-13 22:43:08) [POST]
  Parameters: {"authenticity_token"=>"s4XOI43d6tywOY69kYO538EOx04RKTruSjdpPyAnsRQ=", "_"=>""}
Rendering runner/viewconsole
Completed in 2ms (View: 1 | 200 OK [http://localhost/runner/viewconsole]


Processing RunnerController#viewconsole (for 127.0.0.1 at 2010-04-13 22:43:10) [POST]
  Parameters: {"authenticity_token"=>"s4XOI43d6tywOY69kYO538EOx04RKTruSjdpPyAnsRQ=", "_"=>""}
Rendering runner/viewconsole
Completed in 8ms (View: 1 | 200 OK [http://localhost/runner/viewconsole]


Processing RunnerController#viewconsole (for 127.0.0.1 at 2010-04-13 22:43:12) [POST]
  Parameters: {"authenticity_token"=>"s4XOI43d6tywOY69kYO538EOx04RKTruSjdpPyAnsRQ=", "_"=>""}
Rendering runner/viewconsole
Completed in 3ms (View: 1 | 200 OK [http://localhost/runner/viewconsole]


Processing RunnerController#viewconsole (for 127.0.0.1 at 2010-04-13 22:43:14) [POST]
  Parameters: {"authenticity_token"=>"s4XOI43d6tywOY69kYO538EOx04RKTruSjdpPyAnsRQ=", "_"=>""}
Rendering runner/viewconsole
Completed in 3ms (View: 1 | 200 OK [http://localhost/runner/viewconsole]


Processing RunnerController#viewconsole (for 127.0.0.1 at 2010-04-13 22:43:16) [POST]
  Parameters: {"authenticity_token"=>"s4XOI43d6tywOY69kYO538EOx04RKTruSjdpPyAnsRQ=", "_"=>""}
Rendering runner/viewconsole
Completed in 3ms (View: 1 | 200 OK [http://localhost/runner/viewconsole]


Processing RunnerController#viewconsole (for 127.0.0.1 at 2010-04-13 22:43:18) [POST]
  Parameters: {"authenticity_token"=>"s4XOI43d6tywOY69kYO538EOx04RKTruSjdpPyAnsRQ=", "_"=>""}
Rendering runner/viewconsole
Completed in 2ms (View: 1 | 200 OK [http://localhost/runner/viewconsole]


Processing RunnerController#viewconsole (for 127.0.0.1 at 2010-04-13 22:43:20) [POST]
  Parameters: {"authenticity_token"=>"s4XOI43d6tywOY69kYO538EOx04RKTruSjdpPyAnsRQ=", "_"=>""}
Rendering runner/viewconsole
Completed in 3ms (View: 1 | 200 OK [http://localhost/runner/viewconsole]


Processing RunnerController#viewconsole (for 127.0.0.1 at 2010-04-13 22:43:22) [POST]
  Parameters: {"authenticity_token"=>"s4XOI43d6tywOY69kYO538EOx04RKTruSjdpPyAnsRQ=", "_"=>""}
Rendering runner/viewconsole
Completed in 3ms (View: 1 | 200 OK [http://localhost/runner/viewconsole]


Processing RunnerController#viewconsole (for 127.0.0.1 at 2010-04-13 22:43:24) [POST]
  Parameters: {"authenticity_token"=>"s4XOI43d6tywOY69kYO538EOx04RKTruSjdpPyAnsRQ=", "_"=>""}
Rendering runner/viewconsole
Completed in 2ms (View: 1 | 200 OK [http://localhost/runner/viewconsole]


Processing RunnerController#viewconsole (for 127.0.0.1 at 2010-04-13 22:43:26) [POST]
  Parameters: {"authenticity_token"=>"s4XOI43d6tywOY69kYO538EOx04RKTruSjdpPyAnsRQ=", "_"=>""}
Rendering runner/viewconsole
Completed in 6ms (View: 2 | 200 OK [http://localhost/runner/viewconsole]


Processing RunnerController#viewconsole (for 127.0.0.1 at 2010-04-13 22:43:28) [POST]
  Parameters: {"authenticity_token"=>"s4XOI43d6tywOY69kYO538EOx04RKTruSjdpPyAnsRQ=", "_"=>""}
Rendering runner/viewconsole
Completed in 8ms (View: 1 | 200 OK [http://localhost/runner/viewconsole]


Processing RunnerController#viewconsole (for 127.0.0.1 at 2010-04-13 22:43:30) [POST]
  Parameters: {"authenticity_token"=>"s4XOI43d6tywOY69kYO538EOx04RKTruSjdpPyAnsRQ=", "_"=>""}
Rendering runner/viewconsole
Completed in 2ms (View: 1 | 200 OK [http://localhost/runner/viewconsole]


Processing RunnerController#viewconsole (for 127.0.0.1 at 2010-04-13 22:43:32) [POST]
  Parameters: {"authenticity_token"=>"s4XOI43d6tywOY69kYO538EOx04RKTruSjdpPyAnsRQ=", "_"=>""}
Rendering runner/viewconsole
Completed in 2ms (View: 0 | 200 OK [http://localhost/runner/viewconsole]


Processing RunnerController#viewconsole (for 127.0.0.1 at 2010-04-13 22:43:34) [POST]
  Parameters: {"authenticity_token"=>"s4XOI43d6tywOY69kYO538EOx04RKTruSjdpPyAnsRQ=", "_"=>""}
Rendering runner/viewconsole
Completed in 3ms (View: 1 | 200 OK [http://localhost/runner/viewconsole]


Processing RunnerController#viewconsole (for 127.0.0.1 at 2010-04-13 22:43:36) [POST]
  Parameters: {"authenticity_token"=>"s4XOI43d6tywOY69kYO538EOx04RKTruSjdpPyAnsRQ=", "_"=>""}
Rendering runner/viewconsole
Completed in 3ms (View: 1 | 200 OK [http://localhost/runner/viewconsole]


Processing RunnerController#viewconsole (for 127.0.0.1 at 2010-04-13 22:43:38) [POST]
  Parameters: {"authenticity_token"=>"s4XOI43d6tywOY69kYO538EOx04RKTruSjdpPyAnsRQ=", "_"=>""}
Rendering runner/viewconsole
Completed in 3ms (View: 1 | 200 OK [http://localhost/runner/viewconsole]


Processing RunnerController#viewconsole (for 127.0.0.1 at 2010-04-13 22:43:40) [POST]
  Parameters: {"authenticity_token"=>"s4XOI43d6tywOY69kYO538EOx04RKTruSjdpPyAnsRQ=", "_"=>""}
Rendering runner/viewconsole
Completed in 3ms (View: 1 | 200 OK [http://localhost/runner/viewconsole]


Processing RunnerController#viewconsole (for 127.0.0.1 at 2010-04-13 22:43:42) [POST]
  Parameters: {"authenticity_token"=>"s4XOI43d6tywOY69kYO538EOx04RKTruSjdpPyAnsRQ=", "_"=>""}
Rendering runner/viewconsole
Completed in 3ms (View: 1 | 200 OK [http://localhost/runner/viewconsole]


Processing RunnerController#viewconsole (for 127.0.0.1 at 2010-04-13 22:43:44) [POST]
  Parameters: {"authenticity_token"=>"s4XOI43d6tywOY69kYO538EOx04RKTruSjdpPyAnsRQ=", "_"=>""}
Rendering runner/viewconsole
Completed in 4ms (View: 0 | 200 OK [http://localhost/runner/viewconsole]


Processing RunnerController#viewconsole (for 127.0.0.1 at 2010-04-13 22:43:46) [POST]
  Parameters: {"authenticity_token"=>"s4XOI43d6tywOY69kYO538EOx04RKTruSjdpPyAnsRQ=", "_"=>""}
Rendering runner/viewconsole
Completed in 3ms (View: 1 | 200 OK [http://localhost/runner/viewconsole]


Processing RunnerController#viewconsole (for 127.0.0.1 at 2010-04-13 22:43:48) [POST]
  Parameters: {"authenticity_token"=>"s4XOI43d6tywOY69kYO538EOx04RKTruSjdpPyAnsRQ=", "_"=>""}
Rendering runner/viewconsole
Completed in 6ms (View: 1 | 200 OK [http://localhost/runner/viewconsole]


Processing RunnerController#viewconsole (for 127.0.0.1 at 2010-04-13 22:43:50) [POST]
  Parameters: {"authenticity_token"=>"s4XOI43d6tywOY69kYO538EOx04RKTruSjdpPyAnsRQ=", "_"=>""}
Rendering runner/viewconsole
Completed in 3ms (View: 1 | 200 OK [http://localhost/runner/viewconsole]


Processing RunnerController#viewconsole (for 127.0.0.1 at 2010-04-13 22:43:52) [POST]
  Parameters: {"authenticity_token"=>"s4XOI43d6tywOY69kYO538EOx04RKTruSjdpPyAnsRQ=", "_"=>""}
Rendering runner/viewconsole
Completed in 3ms (View: 1 | 200 OK [http://localhost/runner/viewconsole]


Processing RunnerController#viewconsole (for 127.0.0.1 at 2010-04-13 22:43:54) [POST]
  Parameters: {"authenticity_token"=>"s4XOI43d6tywOY69kYO538EOx04RKTruSjdpPyAnsRQ=", "_"=>""}
Rendering runner/viewconsole
Completed in 3ms (View: 1 | 200 OK [http://localhost/runner/viewconsole]


Processing RunnerController#viewconsole (for 127.0.0.1 at 2010-04-13 22:43:56) [POST]
  Parameters: {"authenticity_token"=>"s4XOI43d6tywOY69kYO538EOx04RKTruSjdpPyAnsRQ=", "_"=>""}
Rendering runner/viewconsole
Completed in 2ms (View: 0 | 200 OK [http://localhost/runner/viewconsole]


Processing RunnerController#viewconsole (for 127.0.0.1 at 2010-04-13 22:43:58) [POST]
  Parameters: {"authenticity_token"=>"s4XOI43d6tywOY69kYO538EOx04RKTruSjdpPyAnsRQ=", "_"=>""}
Rendering runner/viewconsole
Completed in 4ms (View: 1 | 200 OK [http://localhost/runner/viewconsole]


Processing RunnerController#viewconsole (for 127.0.0.1 at 2010-04-13 22:44:00) [POST]
  Parameters: {"authenticity_token"=>"s4XOI43d6tywOY69kYO538EOx04RKTruSjdpPyAnsRQ=", "_"=>""}
Rendering runner/viewconsole
Completed in 5ms (View: 1 | 200 OK [http://localhost/runner/viewconsole]


Processing RunnerController#viewconsole (for 127.0.0.1 at 2010-04-13 22:44:02) [POST]
  Parameters: {"authenticity_token"=>"s4XOI43d6tywOY69kYO538EOx04RKTruSjdpPyAnsRQ=", "_"=>""}
Rendering runner/viewconsole
Completed in 2ms (View: 1 | 200 OK [http://localhost/runner/viewconsole]


Processing RunnerController#viewconsole (for 127.0.0.1 at 2010-04-13 22:44:04) [POST]
  Parameters: {"authenticity_token"=>"s4XOI43d6tywOY69kYO538EOx04RKTruSjdpPyAnsRQ=", "_"=>""}
Rendering runner/viewconsole
Completed in 3ms (View: 1 | 200 OK [http://localhost/runner/viewconsole]


Processing RunnerController#viewconsole (for 127.0.0.1 at 2010-04-13 22:44:06) [POST]
  Parameters: {"authenticity_token"=>"s4XOI43d6tywOY69kYO538EOx04RKTruSjdpPyAnsRQ=", "_"=>""}
Rendering runner/viewconsole
Completed in 4ms (View: 1 | 200 OK [http://localhost/runner/viewconsole]


Processing RunnerController#viewconsole (for 127.0.0.1 at 2010-04-13 22:44:08) [POST]
  Parameters: {"authenticity_token"=>"s4XOI43d6tywOY69kYO538EOx04RKTruSjdpPyAnsRQ=", "_"=>""}
Rendering runner/viewconsole
Completed in 4ms (View: 1 | 200 OK [http://localhost/runner/viewconsole]


Processing RunnerController#viewconsole (for 127.0.0.1 at 2010-04-13 22:44:10) [POST]
  Parameters: {"authenticity_token"=>"s4XOI43d6tywOY69kYO538EOx04RKTruSjdpPyAnsRQ=", "_"=>""}
Rendering runner/viewconsole
Completed in 3ms (View: 1 | 200 OK [http://localhost/runner/viewconsole]


Processing RunnerController#viewconsole (for 127.0.0.1 at 2010-04-13 22:44:12) [POST]
  Parameters: {"authenticity_token"=>"s4XOI43d6tywOY69kYO538EOx04RKTruSjdpPyAnsRQ=", "_"=>""}
Rendering runner/viewconsole
Completed in 4ms (View: 1 | 200 OK [http://localhost/runner/viewconsole]


Processing RunnerController#viewconsole (for 127.0.0.1 at 2010-04-13 22:44:14) [POST]
  Parameters: {"authenticity_token"=>"s4XOI43d6tywOY69kYO538EOx04RKTruSjdpPyAnsRQ=", "_"=>""}
Rendering runner/viewconsole
Completed in 2ms (View: 1 | 200 OK [http://localhost/runner/viewconsole]


Processing RunnerController#viewconsole (for 127.0.0.1 at 2010-04-13 22:54:14) [POST]
  Parameters: {"authenticity_token"=>"s4XOI43d6tywOY69kYO538EOx04RKTruSjdpPyAnsRQ=", "_"=>""}
Rendering runner/viewconsole
Completed in 359ms (View: 10 | 200 OK [http://localhost/runner/viewconsole]


Processing RunnerController#viewconsole (for 127.0.0.1 at 2010-04-13 22:54:14) [POST]
  Parameters: {"authenticity_token"=>"s4XOI43d6tywOY69kYO538EOx04RKTruSjdpPyAnsRQ=", "_"=>""}
Rendering runner/viewconsole
Completed in 3ms (View: 1 | 200 OK [http://localhost/runner/viewconsole]


Processing RunnerController#viewconsole (for 127.0.0.1 at 2010-04-13 22:54:16) [POST]
  Parameters: {"authenticity_token"=>"s4XOI43d6tywOY69kYO538EOx04RKTruSjdpPyAnsRQ=", "_"=>""}
Rendering runner/viewconsole
Completed in 3ms (View: 1 | 200 OK [http://localhost/runner/viewconsole]


Processing RunnerController#viewconsole (for 127.0.0.1 at 2010-04-13 22:54:18) [POST]
  Parameters: {"authenticity_token"=>"s4XOI43d6tywOY69kYO538EOx04RKTruSjdpPyAnsRQ=", "_"=>""}
Rendering runner/viewconsole
Completed in 3ms (View: 1 | 200 OK [http://localhost/runner/viewconsole]


Processing RunnerController#viewconsole (for 127.0.0.1 at 2010-04-13 22:54:20) [POST]
  Parameters: {"authenticity_token"=>"s4XOI43d6tywOY69kYO538EOx04RKTruSjdpPyAnsRQ=", "_"=>""}
Rendering runner/viewconsole
Completed in 2ms (View: 0 | 200 OK [http://localhost/runner/viewconsole]


Processing RunnerController#viewconsole (for 127.0.0.1 at 2010-04-13 22:54:22) [POST]
  Parameters: {"authenticity_token"=>"s4XOI43d6tywOY69kYO538EOx04RKTruSjdpPyAnsRQ=", "_"=>""}
Rendering runner/viewconsole
Completed in 20ms (View: 1 | 200 OK [http://localhost/runner/viewconsole]


Processing RunnerController#viewconsole (for 127.0.0.1 at 2010-04-13 22:54:24) [POST]
  Parameters: {"authenticity_token"=>"s4XOI43d6tywOY69kYO538EOx04RKTruSjdpPyAnsRQ=", "_"=>""}
Rendering runner/viewconsole
Completed in 2ms (View: 0 | 200 OK [http://localhost/runner/viewconsole]


Processing RunnerController#viewconsole (for 127.0.0.1 at 2010-04-13 22:54:26) [POST]
  Parameters: {"authenticity_token"=>"s4XOI43d6tywOY69kYO538EOx04RKTruSjdpPyAnsRQ=", "_"=>""}
Rendering runner/viewconsole
Completed in 4ms (View: 2 | 200 OK [http://localhost/runner/viewconsole]


Processing RunnerController#index (for 127.0.0.1 at 2010-04-13 22:54:27) [GET]
Rendering template within layouts/application
Rendering runner/index
Completed in 118ms (View: 117 | 200 OK [http://localhost/runner]


Processing RunnerController#runsuite (for 127.0.0.1 at 2010-04-13 22:54:28) [GET]
  Parameters: {"suite"=>"C:/Users/Daniel/Downloads/Programming/runner/script/../db/test_files/suites/Permutations.rb"}
Rendering template within layouts/application
Rendering runner/runsuite
Completed in 290ms (View: 12 | 200 OK [http://localhost/runner/runsuite?suite=C:/Users/Daniel/Downloads/Programming/runner/script/../db/test_files/suites/Permutations.rb]


Processing RunnerController#viewconsole (for 127.0.0.1 at 2010-04-13 22:54:31) [POST]
  Parameters: {"authenticity_token"=>"s4XOI43d6tywOY69kYO538EOx04RKTruSjdpPyAnsRQ=", "_"=>""}
Rendering runner/viewconsole
Completed in 3ms (View: 1 | 200 OK [http://localhost/runner/viewconsole]


Processing RunnerController#index (for 127.0.0.1 at 2010-04-13 22:58:28) [GET]
Rendering template within layouts/application
Rendering runner/index
Completed in 5ms (View: 3 | 200 OK [http://localhost/]


Processing RunnerController#runsuite (for 127.0.0.1 at 2010-04-13 22:58:29) [GET]
  Parameters: {"suite"=>"C:/Users/Daniel/Downloads/Programming/runner/script/../db/test_files/suites/Permutations.rb"}
Rendering template within layouts/application
Rendering runner/runsuite
Completed in 303ms (View: 3 | 200 OK [http://localhost/runner/runsuite?suite=C:/Users/Daniel/Downloads/Programming/runner/script/../db/test_files/suites/Permutations.rb]


Processing RunnerController#viewconsole (for 127.0.0.1 at 2010-04-13 22:58:33) [POST]
  Parameters: {"authenticity_token"=>"s4XOI43d6tywOY69kYO538EOx04RKTruSjdpPyAnsRQ=", "_"=>""}
Rendering runner/viewconsole
Completed in 4ms (View: 1 | 200 OK [http://localhost/runner/viewconsole]
